<?xml version="1.0" encoding="UTF-8"?>
<!-- Generated by org.testng.reporters.JUnitReportReporter -->
<testsuite hostname="Sudha" name="AutoIT.autoIt_example" tests="1" failures="0" timestamp="13 Dec 2022 10:53:58 GMT" time="19.558" errors="0">
  <testcase name="Example" time="19.558" classname="AutoIT.autoIt_example"/>
</testsuite> <!-- AutoIT.autoIt_example -->
