<?xml version="1.0" encoding="UTF-8"?>
<!-- Generated by org.testng.reporters.JUnitReportReporter -->
<testsuite hostname="Sudha" name="PageObjecModel_POM.LoginPage" tests="1" failures="0" timestamp="13 Dec 2022 08:34:55 GMT" time="7.474" errors="0">
  <testcase name="logo" time="7.474" classname="PageObjecModel_POM.LoginPage"/>
</testsuite> <!-- PageObjecModel_POM.LoginPage -->
