<?xml version="1.0" encoding="UTF-8"?>
<!-- Generated by org.testng.reporters.JUnitReportReporter -->
<testsuite hostname="Sudha" name="Day1.NewTest" tests="1" failures="0" timestamp="6 Dec 2022 14:16:05 GMT" time="0.008" errors="0">
  <testcase name="Test1" time="0.008" classname="Day1.NewTest"/>
</testsuite> <!-- Day1.NewTest -->
