<?xml version="1.0" encoding="UTF-8"?>
<!-- Generated by org.testng.reporters.JUnitReportReporter -->
<testsuite hostname="Sudha" name="Day2.module1" tests="1" failures="0" timestamp="27 Nov 2022 18:05:04 GMT" time="0.007" errors="0">
  <testcase name="Test1" time="0.007" classname="Day2.module1"/>
</testsuite> <!-- Day2.module1 -->
