<?xml version="1.0" encoding="UTF-8"?>
<!-- Generated by org.testng.reporters.JUnitReportReporter -->
<testsuite hostname="Sudha" name="Parameterization.TestClass" tests="2" failures="0" timestamp="13 Dec 2022 11:38:08 GMT" time="3.470" errors="0">
  <testcase name="openbrowser" time="2.090" classname="Parameterization.TestClass"/>
  <testcase name="login" time="1.380" classname="Parameterization.TestClass"/>
</testsuite> <!-- Parameterization.TestClass -->
