<?xml version="1.0" encoding="UTF-8"?>
<!-- Generated by org.testng.reporters.JUnitReportReporter -->
<testsuite hostname="Sudha" name="PropertyFile.TestClass" tests="1" failures="0" timestamp="13 Dec 2022 11:46:41 GMT" time="4.393" errors="0">
  <testcase name="Test1" time="4.393" classname="PropertyFile.TestClass"/>
</testsuite> <!-- PropertyFile.TestClass -->
