<?xml version="1.0" encoding="UTF-8"?>
<!-- Generated by org.testng.reporters.JUnitReportReporter -->
<testsuite hostname="Sudha" name="Day3.Grouping" tests="2" failures="0" timestamp="21 Nov 2022 10:29:45 GMT" time="0.010" errors="0">
  <testcase name="case1" time="0.009" classname="Day3.Grouping"/>
  <testcase name="case4" time="0.001" classname="Day3.Grouping"/>
</testsuite> <!-- Day3.Grouping -->
