<?xml version="1.0" encoding="UTF-8"?>
<!-- Generated by org.testng.reporters.JUnitReportReporter -->
<testsuite hostname="Sudha" name="Depend_On_Methods.WaterFall_Example" tests="5" failures="0" timestamp="22 Dec 2022 11:25:20 GMT" time="0.016" errors="0">
  <testcase name="Design" time="0.000" classname="Depend_On_Methods.WaterFall_Example"/>
  <testcase name="Maintainance" time="0.000" classname="Depend_On_Methods.WaterFall_Example"/>
  <testcase name="Implentation" time="0.000" classname="Depend_On_Methods.WaterFall_Example"/>
  <testcase name="Requirements" time="0.016" classname="Depend_On_Methods.WaterFall_Example"/>
  <testcase name="Verification" time="0.000" classname="Depend_On_Methods.WaterFall_Example"/>
</testsuite> <!-- Depend_On_Methods.WaterFall_Example -->
