<?xml version="1.0" encoding="UTF-8"?>
<!-- Generated by org.testng.reporters.JUnitReportReporter -->
<testsuite hostname="Sudha" name="Listeners_Class.L_output" tests="1" failures="0" timestamp="27 Nov 2022 15:35:50 GMT" time="2.002" errors="0">
  <testcase name="openBrowser" time="2.002" classname="Listeners_Class.L_output"/>
</testsuite> <!-- Listeners_Class.L_output -->
