<?xml version="1.0" encoding="UTF-8"?>
<!-- Generated by org.testng.reporters.JUnitReportReporter -->
<testsuite hostname="Sudha" name="Day3.Group2" tests="1" failures="0" timestamp="21 Nov 2022 10:29:45 GMT" time="0.001" errors="0">
  <testcase name="TC1" time="0.001" classname="Day3.Group2"/>
</testsuite> <!-- Day3.Group2 -->
