<?xml version="1.0" encoding="UTF-8"?>
<!-- Generated by org.testng.reporters.JUnitReportReporter -->
<testsuite hostname="Sudha" name="Day3_Grouping.Grouping" tests="1" failures="0" timestamp="13 Dec 2022 11:07:55 GMT" time="0.008" errors="0">
  <testcase name="case2" time="0.008" classname="Day3_Grouping.Grouping"/>
</testsuite> <!-- Day3_Grouping.Grouping -->
