<?xml version="1.0" encoding="UTF-8"?>
<!-- Generated by org.testng.reporters.JUnitReportReporter -->
<testsuite hostname="Sudha" name="Assertion_Statement.Assert_with_Message" tests="1" failures="0" timestamp="28 Nov 2022 14:07:13 GMT" time="10.645" errors="0">
  <testcase name="Assert_with_message_example" time="10.645" classname="Assertion_Statement.Assert_with_Message"/>
</testsuite> <!-- Assertion_Statement.Assert_with_Message -->
