<?xml version="1.0" encoding="UTF-8"?>
<!-- Generated by org.testng.reporters.JUnitReportReporter -->
<testsuite hostname="Sudha" name="Day2.Final_module" tests="1" failures="0" timestamp="6 Dec 2022 14:16:23 GMT" time="0.007" errors="0">
  <testcase name="Final_M" time="0.007" classname="Day2.Final_module"/>
</testsuite> <!-- Day2.Final_module -->
