<?xml version="1.0" encoding="UTF-8"?>
<!-- Generated by org.testng.reporters.JUnitReportReporter -->
<testsuite hostname="Sudha" name="IRetry_Analyser.RetryExample1" tests="1" failures="0" timestamp="13 Dec 2022 11:12:58 GMT" time="9.437" errors="0">
  <testcase name="open_Google" time="9.437" classname="IRetry_Analyser.RetryExample1"/>
</testsuite> <!-- IRetry_Analyser.RetryExample1 -->
