<?xml version="1.0" encoding="UTF-8"?>
<!-- Generated by org.testng.reporters.JUnitReportReporter -->
<testsuite hostname="Sudha" name="Assertion_Statement.Assert_True_and_False" tests="1" failures="0" timestamp="28 Nov 2022 14:13:25 GMT" time="10.447" errors="0">
  <testcase name="Assert_False" time="10.447" classname="Assertion_Statement.Assert_True_and_False"/>
</testsuite> <!-- Assertion_Statement.Assert_True_and_False -->
