<?xml version="1.0" encoding="UTF-8"?>
<!-- Generated by org.testng.reporters.JUnitReportReporter -->
<testsuite hostname="Sudha" name="Day3_Grouping.Group2" tests="1" failures="0" timestamp="13 Dec 2022 11:07:05 GMT" time="0.000" errors="0">
  <testcase name="TC2" time="0.000" classname="Day3_Grouping.Group2"/>
</testsuite> <!-- Day3_Grouping.Group2 -->
